<?xml version="1.0" encoding="UTF-8"?>
<!-- Generated by org.testng.reporters.JUnitReportReporter -->
<testsuite skipped="0" hostname="WINDOWS-SNQPPDF" name="SeleniumUtility.ActitimeTestNG" tests="1" failures="0" timestamp="2022-05-26T18:08:33 IST" time="29.845" errors="0">
  <testcase name="Browser" time="29.845" classname="SeleniumUtility.ActitimeTestNG"/>
  <system-out/>
</testsuite> <!-- SeleniumUtility.ActitimeTestNG -->
